0 info it worked if it ends with ok
1 verbose cli [ '/usr/bin/nodejs', '/usr/bin/npm', 'install', 'hydrogen' ]
2 info using npm@3.5.2
3 info using node@v4.7.2
4 silly loadCurrentTree Starting
5 silly install loadCurrentTree
6 silly install readLocalPackageData
7 silly fetchPackageMetaData hydrogen
8 silly fetchNamedPackageData hydrogen
9 silly mapToRegistry name hydrogen
10 silly mapToRegistry using default registry
11 silly mapToRegistry registry http://registry.npmjs.org/
12 silly mapToRegistry uri http://registry.npmjs.org/hydrogen
13 verbose request uri http://registry.npmjs.org/hydrogen
14 verbose request no auth needed
15 info attempt registry request try #1 at 11:04:55 AM
16 verbose request id 09c852de900bd82f
17 http request GET http://registry.npmjs.org/hydrogen
18 http 407 http://registry.npmjs.org/hydrogen
19 verbose bad json <!DOCTYPE html PUBLIC "-//W3C//DTD HTML 4.01//EN" "http://www.w3.org/TR/html4/strict.dtd">
19 verbose bad json <html><head>
19 verbose bad json <meta type="copyright" content="Copyright (C) 1996-2016 The Squid Software Foundation and contributors">
19 verbose bad json <meta http-equiv="Content-Type" content="text/html; charset=utf-8">
19 verbose bad json <title>ERROR: Cache Access Denied</title>
19 verbose bad json <style type="text/css"><!--
19 verbose bad json  /*
19 verbose bad json  * Copyright (C) 1996-2016 The Squid Software Foundation and contributors
19 verbose bad json  *
19 verbose bad json  * Squid software is distributed under GPLv2+ license and includes
19 verbose bad json  * contributions from numerous individuals and organizations.
19 verbose bad json  * Please see the COPYING and CONTRIBUTORS files for details.
19 verbose bad json  */
19 verbose bad json
19 verbose bad json /*
19 verbose bad json  Stylesheet for Squid Error pages
19 verbose bad json  Adapted from design by Free CSS Templates
19 verbose bad json  http://www.freecsstemplates.org
19 verbose bad json  Released for free under a Creative Commons Attribution 2.5 License
19 verbose bad json */
19 verbose bad json
19 verbose bad json /* Page basics */
19 verbose bad json * {
19 verbose bad json 	font-family: verdana, sans-serif;
19 verbose bad json }
19 verbose bad json
19 verbose bad json html body {
19 verbose bad json 	margin: 0;
19 verbose bad json 	padding: 0;
19 verbose bad json 	background: #efefef;
19 verbose bad json 	font-size: 12px;
19 verbose bad json 	color: #1e1e1e;
19 verbose bad json }
19 verbose bad json
19 verbose bad json /* Page displayed title area */
19 verbose bad json #titles {
19 verbose bad json 	margin-left: 15px;
19 verbose bad json 	padding: 10px;
19 verbose bad json 	padding-left: 100px;
19 verbose bad json 	background: url('/squid-internal-static/icons/SN.png') no-repeat left;
19 verbose bad json }
19 verbose bad json
19 verbose bad json /* initial title */
19 verbose bad json #titles h1 {
19 verbose bad json 	color: #000000;
19 verbose bad json }
19 verbose bad json #titles h2 {
19 verbose bad json 	color: #000000;
19 verbose bad json }
19 verbose bad json
19 verbose bad json /* special event: FTP success page titles */
19 verbose bad json #titles ftpsuccess {
19 verbose bad json 	background-color:#00ff00;
19 verbose bad json 	width:100%;
19 verbose bad json }
19 verbose bad json
19 verbose bad json /* Page displayed body content area */
19 verbose bad json #content {
19 verbose bad json 	padding: 10px;
19 verbose bad json 	background: #ffffff;
19 verbose bad json }
19 verbose bad json
19 verbose bad json /* General text */
19 verbose bad json p {
19 verbose bad json }
19 verbose bad json
19 verbose bad json /* error brief description */
19 verbose bad json #error p {
19 verbose bad json }
19 verbose bad json
19 verbose bad json /* some data which may have caused the problem */
19 verbose bad json #data {
19 verbose bad json }
19 verbose bad json
19 verbose bad json /* the error message received from the system or other software */
19 verbose bad json #sysmsg {
19 verbose bad json }
19 verbose bad json
19 verbose bad json pre {
19 verbose bad json     font-family:sans-serif;
19 verbose bad json }
19 verbose bad json
19 verbose bad json /* special event: FTP / Gopher directory listing */
19 verbose bad json #dirmsg {
19 verbose bad json     font-family: courier;
19 verbose bad json     color: black;
19 verbose bad json     font-size: 10pt;
19 verbose bad json }
19 verbose bad json #dirlisting {
19 verbose bad json     margin-left: 2%;
19 verbose bad json     margin-right: 2%;
19 verbose bad json }
19 verbose bad json #dirlisting tr.entry td.icon,td.filename,td.size,td.date {
19 verbose bad json     border-bottom: groove;
19 verbose bad json }
19 verbose bad json #dirlisting td.size {
19 verbose bad json     width: 50px;
19 verbose bad json     text-align: right;
19 verbose bad json     padding-right: 5px;
19 verbose bad json }
19 verbose bad json
19 verbose bad json /* horizontal lines */
19 verbose bad json hr {
19 verbose bad json 	margin: 0;
19 verbose bad json }
19 verbose bad json
19 verbose bad json /* page displayed footer area */
19 verbose bad json #footer {
19 verbose bad json 	font-size: 9px;
19 verbose bad json 	padding-left: 10px;
19 verbose bad json }
19 verbose bad json
19 verbose bad json
19 verbose bad json body
19 verbose bad json :lang(fa) { direction: rtl; font-size: 100%; font-family: Tahoma, Roya, sans-serif; float: right; }
19 verbose bad json :lang(he) { direction: rtl; }
19 verbose bad json  --></style>
19 verbose bad json </head><body id=ERR_CACHE_ACCESS_DENIED>
19 verbose bad json <div id="titles">
19 verbose bad json <h1>ERROR</h1>
19 verbose bad json <h2>Cache Access Denied.</h2>
19 verbose bad json </div>
19 verbose bad json <hr>
19 verbose bad json
19 verbose bad json <div id="content">
19 verbose bad json <p>The following error was encountered while trying to retrieve the URL: <a href="http://registry.npmjs.org/hydrogen">http://registry.npmjs.org/hydrogen</a></p>
19 verbose bad json
19 verbose bad json <blockquote id="error">
19 verbose bad json <p><b>Cache Access Denied.</b></p>
19 verbose bad json </blockquote>
19 verbose bad json
19 verbose bad json <p>Sorry, you are not currently allowed to request http://registry.npmjs.org/hydrogen from this cache until you have authenticated yourself.</p>
19 verbose bad json
19 verbose bad json <p>Please contact the <a href="mailto:MNNIT?subject=CacheErrorInfo%20-%20ERR_CACHE_ACCESS_DENIED&amp;body=CacheHost%3A%20proxy229%0D%0AErrPage%3A%20ERR_CACHE_ACCESS_DENIED%0D%0AErr%3A%20%5Bnone%5D%0D%0ATimeStamp%3A%20Sun,%2024%20Sep%202017%2005%3A35%3A04%20GMT%0D%0A%0D%0AClientIP%3A%20172.31.76.95%0D%0A%0D%0AHTTP%20Request%3A%0D%0AGET%20%2Fhydrogen%20HTTP%2F1.1%0AAccept-Encoding%3A%20gzip%0D%0Aversion%3A%203.5.2%0D%0AAccept%3A%20application%2Fjson%0D%0AReferer%3A%20install%20hydrogen%0D%0Anpm-session%3A%2009c852de900bd82f%0D%0AUser-Agent%3A%20npm%2F3.5.2%20node%2Fv4.7.2%20linux%20x64%0D%0AConnection%3A%20keep-alive%0D%0AHost%3A%20registry.npmjs.org%0D%0A%0D%0A%0D%0A">cache administrator</a> if you have difficulties authenticating yourself.</p>
19 verbose bad json
19 verbose bad json <br>
19 verbose bad json </div>
19 verbose bad json
19 verbose bad json <hr>
19 verbose bad json <div id="footer">
19 verbose bad json <p>Generated Sun, 24 Sep 2017 05:35:04 GMT by proxy229 (squid/3.5.20)</p>
19 verbose bad json <!-- ERR_CACHE_ACCESS_DENIED -->
19 verbose bad json </div>
19 verbose bad json </body></html>
20 error registry error parsing json
21 verbose headers { server: 'squid/3.5.20',
21 verbose headers   'mime-version': '1.0',
21 verbose headers   date: 'Sun, 24 Sep 2017 05:35:04 GMT',
21 verbose headers   'content-type': 'text/html;charset=utf-8',
21 verbose headers   'content-length': '3755',
21 verbose headers   'x-squid-error': 'ERR_CACHE_ACCESS_DENIED 0',
21 verbose headers   vary: 'Accept-Language',
21 verbose headers   'content-language': 'en',
21 verbose headers   'proxy-authenticate': 'Basic realm="MNNIT PROXY"',
21 verbose headers   'x-cache': 'MISS from proxy229',
21 verbose headers   'x-cache-lookup': 'NONE from proxy229:3128',
21 verbose headers   via: '1.1 proxy229 (squid/3.5.20)',
21 verbose headers   connection: 'keep-alive' }
22 silly get cb [ 407,
22 silly get   { server: 'squid/3.5.20',
22 silly get     'mime-version': '1.0',
22 silly get     date: 'Sun, 24 Sep 2017 05:35:04 GMT',
22 silly get     'content-type': 'text/html;charset=utf-8',
22 silly get     'content-length': '3755',
22 silly get     'x-squid-error': 'ERR_CACHE_ACCESS_DENIED 0',
22 silly get     vary: 'Accept-Language',
22 silly get     'content-language': 'en',
22 silly get     'proxy-authenticate': 'Basic realm="MNNIT PROXY"',
22 silly get     'x-cache': 'MISS from proxy229',
22 silly get     'x-cache-lookup': 'NONE from proxy229:3128',
22 silly get     via: '1.1 proxy229 (squid/3.5.20)',
22 silly get     connection: 'keep-alive' } ]
23 silly fetchPackageMetaData SyntaxError: Unexpected token <
23 silly fetchPackageMetaData <!DOCTYPE html PUBLIC "-//W3C//DTD HTML 4.01//EN" "http://www.w3.org/TR/html4/strict.dtd">
23 silly fetchPackageMetaData <html><head>
23 silly fetchPackageMetaData <meta type="copyright" content="Copyright (C) 1996-2016 The Squid Software Foundation and contributors">
23 silly fetchPackageMetaData <meta http-equiv="Content-Type" content="text/html; charset=utf-8">
23 silly fetchPackageMetaData <title>ERROR: Cache Access Denied</title>
23 silly fetchPackageMetaData <style type="text/css"><!--
23 silly fetchPackageMetaData  /*
23 silly fetchPackageMetaData  * Copyright (C) 1996-2016 The Squid Software Foundation and contributors
23 silly fetchPackageMetaData  *
23 silly fetchPackageMetaData  * Squid software is distributed under GPLv2+ license and includes
23 silly fetchPackageMetaData  * contributions from numerous individuals and organizations.
23 silly fetchPackageMetaData  * Please see the COPYING and CONTRIBUTORS files for details.
23 silly fetchPackageMetaData  */
23 silly fetchPackageMetaData
23 silly fetchPackageMetaData /*
23 silly fetchPackageMetaData  Stylesheet for Squid Error pages
23 silly fetchPackageMetaData  Adapted from design by Free CSS Templates
23 silly fetchPackageMetaData  http://www.freecsstemplates.org
23 silly fetchPackageMetaData  Released for free under a Creative Commons Attribution 2.5 License
23 silly fetchPackageMetaData */
23 silly fetchPackageMetaData
23 silly fetchPackageMetaData /* Page basics */
23 silly fetchPackageMetaData * {
23 silly fetchPackageMetaData 	font-family: verdana, sans-serif;
23 silly fetchPackageMetaData }
23 silly fetchPackageMetaData
23 silly fetchPackageMetaData html body {
23 silly fetchPackageMetaData 	margin: 0;
23 silly fetchPackageMetaData 	padding: 0;
23 silly fetchPackageMetaData 	background: #efefef;
23 silly fetchPackageMetaData 	font-size: 12px;
23 silly fetchPackageMetaData 	color: #1e1e1e;
23 silly fetchPackageMetaData }
23 silly fetchPackageMetaData
23 silly fetchPackageMetaData /* Page displayed title area */
23 silly fetchPackageMetaData #titles {
23 silly fetchPackageMetaData 	margin-left: 15px;
23 silly fetchPackageMetaData 	padding: 10px;
23 silly fetchPackageMetaData 	padding-left: 100px;
23 silly fetchPackageMetaData 	background: url('/squid-internal-static/icons/SN.png') no-repeat left;
23 silly fetchPackageMetaData }
23 silly fetchPackageMetaData
23 silly fetchPackageMetaData /* initial title */
23 silly fetchPackageMetaData #titles h1 {
23 silly fetchPackageMetaData 	color: #000000;
23 silly fetchPackageMetaData }
23 silly fetchPackageMetaData #titles h2 {
23 silly fetchPackageMetaData 	color: #000000;
23 silly fetchPackageMetaData }
23 silly fetchPackageMetaData
23 silly fetchPackageMetaData /* special event: FTP success page titles */
23 silly fetchPackageMetaData #titles ftpsuccess {
23 silly fetchPackageMetaData 	background-color:#00ff00;
23 silly fetchPackageMetaData 	width:100%;
23 silly fetchPackageMetaData }
23 silly fetchPackageMetaData
23 silly fetchPackageMetaData /* Page displayed body content area */
23 silly fetchPackageMetaData #content {
23 silly fetchPackageMetaData 	padding: 10px;
23 silly fetchPackageMetaData 	background: #ffffff;
23 silly fetchPackageMetaData }
23 silly fetchPackageMetaData
23 silly fetchPackageMetaData /* General text */
23 silly fetchPackageMetaData p {
23 silly fetchPackageMetaData }
23 silly fetchPackageMetaData
23 silly fetchPackageMetaData /* error brief description */
23 silly fetchPackageMetaData #error p {
23 silly fetchPackageMetaData }
23 silly fetchPackageMetaData
23 silly fetchPackageMetaData /* some data which may have caused the problem */
23 silly fetchPackageMetaData #data {
23 silly fetchPackageMetaData }
23 silly fetchPackageMetaData
23 silly fetchPackageMetaData /* the error message received from the system or other software */
23 silly fetchPackageMetaData #sysmsg {
23 silly fetchPackageMetaData }
23 silly fetchPackageMetaData
23 silly fetchPackageMetaData pre {
23 silly fetchPackageMetaData     font-family:sans-serif;
23 silly fetchPackageMetaData }
23 silly fetchPackageMetaData
23 silly fetchPackageMetaData /* special event: FTP / Gopher directory listing */
23 silly fetchPackageMetaData #dirmsg {
23 silly fetchPackageMetaData     font-family: courier;
23 silly fetchPackageMetaData     color: black;
23 silly fetchPackageMetaData     font-size: 10pt;
23 silly fetchPackageMetaData }
23 silly fetchPackageMetaData #dirlisting {
23 silly fetchPackageMetaData     margin-left: 2%;
23 silly fetchPackageMetaData     margin-right: 2%;
23 silly fetchPackageMetaData }
23 silly fetchPackageMetaData #dirlisting tr.entry td.icon,td.filename,td.size,td.date {
23 silly fetchPackageMetaData     border-bottom: groove;
23 silly fetchPackageMetaData }
23 silly fetchPackageMetaData #dirlisting td.size {
23 silly fetchPackageMetaData     width: 50px;
23 silly fetchPackageMetaData     text-align: right;
23 silly fetchPackageMetaData     padding-right: 5px;
23 silly fetchPackageMetaData }
23 silly fetchPackageMetaData
23 silly fetchPackageMetaData /* horizontal lines */
23 silly fetchPackageMetaData hr {
23 silly fetchPackageMetaData 	margin: 0;
23 silly fetchPackageMetaData }
23 silly fetchPackageMetaData
23 silly fetchPackageMetaData /* page displayed footer area */
23 silly fetchPackageMetaData #footer {
23 silly fetchPackageMetaData 	font-size: 9px;
23 silly fetchPackageMetaData 	padding-left: 10px;
23 silly fetchPackageMetaData }
23 silly fetchPackageMetaData
23 silly fetchPackageMetaData
23 silly fetchPackageMetaData body
23 silly fetchPackageMetaData :lang(fa) { direction: rtl; font-size: 100%; font-family: Tahoma, Roya, sans-serif; float: right; }
23 silly fetchPackageMetaData :lang(he) { direction: rtl; }
23 silly fetchPackageMetaData  --></style>
23 silly fetchPackageMetaData </head><body id=ERR_CACHE_ACCESS_DENIED>
23 silly fetchPackageMetaData <div id="titles">
23 silly fetchPackageMetaData <h1>ERROR</h1>
23 silly fetchPackageMetaData <h2>Cache Access Denied.</h2>
23 silly fetchPackageMetaData </div>
23 silly fetchPackageMetaData <hr>
23 silly fetchPackageMetaData
23 silly fetchPackageMetaData <div id="content">
23 silly fetchPackageMetaData <p>The following error was encountered while trying to retrieve the URL: <a href="http://registry.npmjs.org/hydrogen">http://registry.npmjs.org/hydrogen</a></p>
23 silly fetchPackageMetaData
23 silly fetchPackageMetaData <blockquote id="error">
23 silly fetchPackageMetaData <p><b>Cache Access Denied.</b></p>
23 silly fetchPackageMetaData </blockquote>
23 silly fetchPackageMetaData
23 silly fetchPackageMetaData <p>Sorry, you are not currently allowed to request http://registry.npmjs.org/hydrogen from this cache until you have authenticated yourself.</p>
23 silly fetchPackageMetaData
23 silly fetchPackageMetaData <p>Please contact the <a href="mailto:MNNIT?subject=CacheErrorInfo%20-%20ERR_CACHE_ACCESS_DENIED&amp;body=CacheHost%3A%20proxy229%0D%0AErrPage%3A%20ERR_CACHE_ACCESS_DENIED%0D%0AErr%3A%20%5Bnone%5D%0D%0ATimeStamp%3A%20Sun,%2024%20Sep%202017%2005%3A35%3A04%20GMT%0D%0A%0D%0AClientIP%3A%20172.31.76.95%0D%0A%0D%0AHTTP%20Request%3A%0D%0AGET%20%2Fhydrogen%20HTTP%2F1.1%0AAccept-Encoding%3A%20gzip%0D%0Aversion%3A%203.5.2%0D%0AAccept%3A%20application%2Fjson%0D%0AReferer%3A%20install%20hydrogen%0D%0Anpm-session%3A%2009c852de900bd82f%0D%0AUser-Agent%3A%20npm%2F3.5.2%20node%2Fv4.7.2%20linux%20x64%0D%0AConnection%3A%20keep-alive%0D%0AHost%3A%20registry.npmjs.org%0D%0A%0D%0A%0D%0A">cache administrator</a> if you have difficulties authenticating yourself.</p>
23 silly fetchPackageMetaData
23 silly fetchPackageMetaData <br>
23 silly fetchPackageMetaData </div>
23 silly fetchPackageMetaData
23 silly fetchPackageMetaData <hr>
23 silly fetchPackageMetaData <div id="footer">
23 silly fetchPackageMetaData <p>Generated Sun, 24 Sep 2017 05:35:04 GMT by proxy229 (squid/3.5.20)</p>
23 silly fetchPackageMetaData <!-- ERR_CACHE_ACCESS_DENIED -->
23 silly fetchPackageMetaData </div>
23 silly fetchPackageMetaData </body></html>
23 silly fetchPackageMetaData
23 silly fetchPackageMetaData     at Object.parse (native)
23 silly fetchPackageMetaData     at CachingRegistryClient.<anonymous> (/usr/share/npm/node_modules/npm-registry-client/lib/request.js:199:23)
23 silly fetchPackageMetaData     at Request._callback (/usr/share/npm/node_modules/npm-registry-client/lib/request.js:172:14)
23 silly fetchPackageMetaData     at Request.self.callback (/usr/share/npm/node_modules/request/request.js:198:22)
23 silly fetchPackageMetaData     at emitTwo (events.js:87:13)
23 silly fetchPackageMetaData     at Request.emit (events.js:172:7)
23 silly fetchPackageMetaData     at Request.<anonymous> (/usr/share/npm/node_modules/request/request.js:1082:10)
23 silly fetchPackageMetaData     at emitOne (events.js:82:20)
23 silly fetchPackageMetaData     at Request.emit (events.js:169:7)
23 silly fetchPackageMetaData     at IncomingMessage.<anonymous> (/usr/share/npm/node_modules/request/request.js:1009:12)
23 silly fetchPackageMetaData  error for hydrogen [SyntaxError: Unexpected token <
23 silly fetchPackageMetaData <!DOCTYPE html PUBLIC "-//W3C//DTD HTML 4.01//EN" "http://www.w3.org/TR/html4/strict.dtd">
23 silly fetchPackageMetaData <html><head>
23 silly fetchPackageMetaData <meta type="copyright" content="Copyright (C) 1996-2016 The Squid Software Foundation and contributors">
23 silly fetchPackageMetaData <meta http-equiv="Content-Type" content="text/html; charset=utf-8">
23 silly fetchPackageMetaData <title>ERROR: Cache Access Denied</title>
23 silly fetchPackageMetaData <style type="text/css"><!--
23 silly fetchPackageMetaData  /*
23 silly fetchPackageMetaData  * Copyright (C) 1996-2016 The Squid Software Foundation and contributors
23 silly fetchPackageMetaData  *
23 silly fetchPackageMetaData  * Squid software is distributed under GPLv2+ license and includes
23 silly fetchPackageMetaData  * contributions from numerous individuals and organizations.
23 silly fetchPackageMetaData  * Please see the COPYING and CONTRIBUTORS files for details.
23 silly fetchPackageMetaData  */
23 silly fetchPackageMetaData
23 silly fetchPackageMetaData /*
23 silly fetchPackageMetaData  Stylesheet for Squid Error pages
23 silly fetchPackageMetaData  Adapted from design by Free CSS Templates
23 silly fetchPackageMetaData  http://www.freecsstemplates.org
23 silly fetchPackageMetaData  Released for free under a Creative Commons Attribution 2.5 License
23 silly fetchPackageMetaData */
23 silly fetchPackageMetaData
23 silly fetchPackageMetaData /* Page basics */
23 silly fetchPackageMetaData * {
23 silly fetchPackageMetaData 	font-family: verdana, sans-serif;
23 silly fetchPackageMetaData }
23 silly fetchPackageMetaData
23 silly fetchPackageMetaData html body {
23 silly fetchPackageMetaData 	margin: 0;
23 silly fetchPackageMetaData 	padding: 0;
23 silly fetchPackageMetaData 	background: #efefef;
23 silly fetchPackageMetaData 	font-size: 12px;
23 silly fetchPackageMetaData 	color: #1e1e1e;
23 silly fetchPackageMetaData }
23 silly fetchPackageMetaData
23 silly fetchPackageMetaData /* Page displayed title area */
23 silly fetchPackageMetaData #titles {
23 silly fetchPackageMetaData 	margin-left: 15px;
23 silly fetchPackageMetaData 	padding: 10px;
23 silly fetchPackageMetaData 	padding-left: 100px;
23 silly fetchPackageMetaData 	background: url('/squid-internal-static/icons/SN.png') no-repeat left;
23 silly fetchPackageMetaData }
23 silly fetchPackageMetaData
23 silly fetchPackageMetaData /* initial title */
23 silly fetchPackageMetaData #titles h1 {
23 silly fetchPackageMetaData 	color: #000000;
23 silly fetchPackageMetaData }
23 silly fetchPackageMetaData #titles h2 {
23 silly fetchPackageMetaData 	color: #000000;
23 silly fetchPackageMetaData }
23 silly fetchPackageMetaData
23 silly fetchPackageMetaData /* special event: FTP success page titles */
23 silly fetchPackageMetaData #titles ftpsuccess {
23 silly fetchPackageMetaData 	background-color:#00ff00;
23 silly fetchPackageMetaData 	width:100%;
23 silly fetchPackageMetaData }
23 silly fetchPackageMetaData
23 silly fetchPackageMetaData /* Page displayed body content area */
23 silly fetchPackageMetaData #content {
23 silly fetchPackageMetaData 	padding: 10px;
23 silly fetchPackageMetaData 	background: #ffffff;
23 silly fetchPackageMetaData }
23 silly fetchPackageMetaData
23 silly fetchPackageMetaData /* General text */
23 silly fetchPackageMetaData p {
23 silly fetchPackageMetaData }
23 silly fetchPackageMetaData
23 silly fetchPackageMetaData /* error brief description */
23 silly fetchPackageMetaData #error p {
23 silly fetchPackageMetaData }
23 silly fetchPackageMetaData
23 silly fetchPackageMetaData /* some data which may have caused the problem */
23 silly fetchPackageMetaData #data {
23 silly fetchPackageMetaData }
23 silly fetchPackageMetaData
23 silly fetchPackageMetaData /* the error message received from the system or other software */
23 silly fetchPackageMetaData #sysmsg {
23 silly fetchPackageMetaData }
23 silly fetchPackageMetaData
23 silly fetchPackageMetaData pre {
23 silly fetchPackageMetaData     font-family:sans-serif;
23 silly fetchPackageMetaData }
23 silly fetchPackageMetaData
23 silly fetchPackageMetaData /* special event: FTP / Gopher directory listing */
23 silly fetchPackageMetaData #dirmsg {
23 silly fetchPackageMetaData     font-family: courier;
23 silly fetchPackageMetaData     color: black;
23 silly fetchPackageMetaData     font-size: 10pt;
23 silly fetchPackageMetaData }
23 silly fetchPackageMetaData #dirlisting {
23 silly fetchPackageMetaData     margin-left: 2%;
23 silly fetchPackageMetaData     margin-right: 2%;
23 silly fetchPackageMetaData }
23 silly fetchPackageMetaData #dirlisting tr.entry td.icon,td.filename,td.size,td.date {
23 silly fetchPackageMetaData     border-bottom: groove;
23 silly fetchPackageMetaData }
23 silly fetchPackageMetaData #dirlisting td.size {
23 silly fetchPackageMetaData     width: 50px;
23 silly fetchPackageMetaData     text-align: right;
23 silly fetchPackageMetaData     padding-right: 5px;
23 silly fetchPackageMetaData }
23 silly fetchPackageMetaData
23 silly fetchPackageMetaData /* horizontal lines */
23 silly fetchPackageMetaData hr {
23 silly fetchPackageMetaData 	margin: 0;
23 silly fetchPackageMetaData }
23 silly fetchPackageMetaData
23 silly fetchPackageMetaData /* page displayed footer area */
23 silly fetchPackageMetaData #footer {
23 silly fetchPackageMetaData 	font-size: 9px;
23 silly fetchPackageMetaData 	padding-left: 10px;
23 silly fetchPackageMetaData }
23 silly fetchPackageMetaData
23 silly fetchPackageMetaData
23 silly fetchPackageMetaData body
23 silly fetchPackageMetaData :lang(fa) { direction: rtl; font-size: 100%; font-family: Tahoma, Roya, sans-serif; float: right; }
23 silly fetchPackageMetaData :lang(he) { direction: rtl; }
23 silly fetchPackageMetaData  --></style>
23 silly fetchPackageMetaData </head><body id=ERR_CACHE_ACCESS_DENIED>
23 silly fetchPackageMetaData <div id="titles">
23 silly fetchPackageMetaData <h1>ERROR</h1>
23 silly fetchPackageMetaData <h2>Cache Access Denied.</h2>
23 silly fetchPackageMetaData </div>
23 silly fetchPackageMetaData <hr>
23 silly fetchPackageMetaData
23 silly fetchPackageMetaData <div id="content">
23 silly fetchPackageMetaData <p>The following error was encountered while trying to retrieve the URL: <a href="http://registry.npmjs.org/hydrogen">http://registry.npmjs.org/hydrogen</a></p>
23 silly fetchPackageMetaData
23 silly fetchPackageMetaData <blockquote id="error">
23 silly fetchPackageMetaData <p><b>Cache Access Denied.</b></p>
23 silly fetchPackageMetaData </blockquote>
23 silly fetchPackageMetaData
23 silly fetchPackageMetaData <p>Sorry, you are not currently allowed to request http://registry.npmjs.org/hydrogen from this cache until you have authenticated yourself.</p>
23 silly fetchPackageMetaData
23 silly fetchPackageMetaData <p>Please contact the <a href="mailto:MNNIT?subject=CacheErrorInfo%20-%20ERR_CACHE_ACCESS_DENIED&amp;body=CacheHost%3A%20proxy229%0D%0AErrPage%3A%20ERR_CACHE_ACCESS_DENIED%0D%0AErr%3A%20%5Bnone%5D%0D%0ATimeStamp%3A%20Sun,%2024%20Sep%202017%2005%3A35%3A04%20GMT%0D%0A%0D%0AClientIP%3A%20172.31.76.95%0D%0A%0D%0AHTTP%20Request%3A%0D%0AGET%20%2Fhydrogen%20HTTP%2F1.1%0AAccept-Encoding%3A%20gzip%0D%0Aversion%3A%203.5.2%0D%0AAccept%3A%20application%2Fjson%0D%0AReferer%3A%20install%20hydrogen%0D%0Anpm-session%3A%2009c852de900bd82f%0D%0AUser-Agent%3A%20npm%2F3.5.2%20node%2Fv4.7.2%20linux%20x64%0D%0AConnection%3A%20keep-alive%0D%0AHost%3A%20registry.npmjs.org%0D%0A%0D%0A%0D%0A">cache administrator</a> if you have difficulties authenticating yourself.</p>
23 silly fetchPackageMetaData
23 silly fetchPackageMetaData <br>
23 silly fetchPackageMetaData </div>
23 silly fetchPackageMetaData
23 silly fetchPackageMetaData <hr>
23 silly fetchPackageMetaData <div id="footer">
23 silly fetchPackageMetaData <p>Generated Sun, 24 Sep 2017 05:35:04 GMT by proxy229 (squid/3.5.20)</p>
23 silly fetchPackageMetaData <!-- ERR_CACHE_ACCESS_DENIED -->
23 silly fetchPackageMetaData </div>
23 silly fetchPackageMetaData </body></html>
23 silly fetchPackageMetaData ]
24 silly rollbackFailedOptional Starting
25 silly rollbackFailedOptional Finishing
26 silly runTopLevelLifecycles Starting
27 silly runTopLevelLifecycles Finishing
28 silly install printInstalled
29 verbose stack SyntaxError: Unexpected token <
29 verbose stack <!DOCTYPE html PUBLIC "-//W3C//DTD HTML 4.01//EN" "http://www.w3.org/TR/html4/strict.dtd">
29 verbose stack <html><head>
29 verbose stack <meta type="copyright" content="Copyright (C) 1996-2016 The Squid Software Foundation and contributors">
29 verbose stack <meta http-equiv="Content-Type" content="text/html; charset=utf-8">
29 verbose stack <title>ERROR: Cache Access Denied</title>
29 verbose stack <style type="text/css"><!--
29 verbose stack  /*
29 verbose stack  * Copyright (C) 1996-2016 The Squid Software Foundation and contributors
29 verbose stack  *
29 verbose stack  * Squid software is distributed under GPLv2+ license and includes
29 verbose stack  * contributions from numerous individuals and organizations.
29 verbose stack  * Please see the COPYING and CONTRIBUTORS files for details.
29 verbose stack  */
29 verbose stack
29 verbose stack /*
29 verbose stack  Stylesheet for Squid Error pages
29 verbose stack  Adapted from design by Free CSS Templates
29 verbose stack  http://www.freecsstemplates.org
29 verbose stack  Released for free under a Creative Commons Attribution 2.5 License
29 verbose stack */
29 verbose stack
29 verbose stack /* Page basics */
29 verbose stack * {
29 verbose stack 	font-family: verdana, sans-serif;
29 verbose stack }
29 verbose stack
29 verbose stack html body {
29 verbose stack 	margin: 0;
29 verbose stack 	padding: 0;
29 verbose stack 	background: #efefef;
29 verbose stack 	font-size: 12px;
29 verbose stack 	color: #1e1e1e;
29 verbose stack }
29 verbose stack
29 verbose stack /* Page displayed title area */
29 verbose stack #titles {
29 verbose stack 	margin-left: 15px;
29 verbose stack 	padding: 10px;
29 verbose stack 	padding-left: 100px;
29 verbose stack 	background: url('/squid-internal-static/icons/SN.png') no-repeat left;
29 verbose stack }
29 verbose stack
29 verbose stack /* initial title */
29 verbose stack #titles h1 {
29 verbose stack 	color: #000000;
29 verbose stack }
29 verbose stack #titles h2 {
29 verbose stack 	color: #000000;
29 verbose stack }
29 verbose stack
29 verbose stack /* special event: FTP success page titles */
29 verbose stack #titles ftpsuccess {
29 verbose stack 	background-color:#00ff00;
29 verbose stack 	width:100%;
29 verbose stack }
29 verbose stack
29 verbose stack /* Page displayed body content area */
29 verbose stack #content {
29 verbose stack 	padding: 10px;
29 verbose stack 	background: #ffffff;
29 verbose stack }
29 verbose stack
29 verbose stack /* General text */
29 verbose stack p {
29 verbose stack }
29 verbose stack
29 verbose stack /* error brief description */
29 verbose stack #error p {
29 verbose stack }
29 verbose stack
29 verbose stack /* some data which may have caused the problem */
29 verbose stack #data {
29 verbose stack }
29 verbose stack
29 verbose stack /* the error message received from the system or other software */
29 verbose stack #sysmsg {
29 verbose stack }
29 verbose stack
29 verbose stack pre {
29 verbose stack     font-family:sans-serif;
29 verbose stack }
29 verbose stack
29 verbose stack /* special event: FTP / Gopher directory listing */
29 verbose stack #dirmsg {
29 verbose stack     font-family: courier;
29 verbose stack     color: black;
29 verbose stack     font-size: 10pt;
29 verbose stack }
29 verbose stack #dirlisting {
29 verbose stack     margin-left: 2%;
29 verbose stack     margin-right: 2%;
29 verbose stack }
29 verbose stack #dirlisting tr.entry td.icon,td.filename,td.size,td.date {
29 verbose stack     border-bottom: groove;
29 verbose stack }
29 verbose stack #dirlisting td.size {
29 verbose stack     width: 50px;
29 verbose stack     text-align: right;
29 verbose stack     padding-right: 5px;
29 verbose stack }
29 verbose stack
29 verbose stack /* horizontal lines */
29 verbose stack hr {
29 verbose stack 	margin: 0;
29 verbose stack }
29 verbose stack
29 verbose stack /* page displayed footer area */
29 verbose stack #footer {
29 verbose stack 	font-size: 9px;
29 verbose stack 	padding-left: 10px;
29 verbose stack }
29 verbose stack
29 verbose stack
29 verbose stack body
29 verbose stack :lang(fa) { direction: rtl; font-size: 100%; font-family: Tahoma, Roya, sans-serif; float: right; }
29 verbose stack :lang(he) { direction: rtl; }
29 verbose stack  --></style>
29 verbose stack </head><body id=ERR_CACHE_ACCESS_DENIED>
29 verbose stack <div id="titles">
29 verbose stack <h1>ERROR</h1>
29 verbose stack <h2>Cache Access Denied.</h2>
29 verbose stack </div>
29 verbose stack <hr>
29 verbose stack
29 verbose stack <div id="content">
29 verbose stack <p>The following error was encountered while trying to retrieve the URL: <a href="http://registry.npmjs.org/hydrogen">http://registry.npmjs.org/hydrogen</a></p>
29 verbose stack
29 verbose stack <blockquote id="error">
29 verbose stack <p><b>Cache Access Denied.</b></p>
29 verbose stack </blockquote>
29 verbose stack
29 verbose stack <p>Sorry, you are not currently allowed to request http://registry.npmjs.org/hydrogen from this cache until you have authenticated yourself.</p>
29 verbose stack
29 verbose stack <p>Please contact the <a href="mailto:MNNIT?subject=CacheErrorInfo%20-%20ERR_CACHE_ACCESS_DENIED&amp;body=CacheHost%3A%20proxy229%0D%0AErrPage%3A%20ERR_CACHE_ACCESS_DENIED%0D%0AErr%3A%20%5Bnone%5D%0D%0ATimeStamp%3A%20Sun,%2024%20Sep%202017%2005%3A35%3A04%20GMT%0D%0A%0D%0AClientIP%3A%20172.31.76.95%0D%0A%0D%0AHTTP%20Request%3A%0D%0AGET%20%2Fhydrogen%20HTTP%2F1.1%0AAccept-Encoding%3A%20gzip%0D%0Aversion%3A%203.5.2%0D%0AAccept%3A%20application%2Fjson%0D%0AReferer%3A%20install%20hydrogen%0D%0Anpm-session%3A%2009c852de900bd82f%0D%0AUser-Agent%3A%20npm%2F3.5.2%20node%2Fv4.7.2%20linux%20x64%0D%0AConnection%3A%20keep-alive%0D%0AHost%3A%20registry.npmjs.org%0D%0A%0D%0A%0D%0A">cache administrator</a> if you have difficulties authenticating yourself.</p>
29 verbose stack
29 verbose stack <br>
29 verbose stack </div>
29 verbose stack
29 verbose stack <hr>
29 verbose stack <div id="footer">
29 verbose stack <p>Generated Sun, 24 Sep 2017 05:35:04 GMT by proxy229 (squid/3.5.20)</p>
29 verbose stack <!-- ERR_CACHE_ACCESS_DENIED -->
29 verbose stack </div>
29 verbose stack </body></html>
29 verbose stack
29 verbose stack     at Object.parse (native)
29 verbose stack     at CachingRegistryClient.<anonymous> (/usr/share/npm/node_modules/npm-registry-client/lib/request.js:199:23)
29 verbose stack     at Request._callback (/usr/share/npm/node_modules/npm-registry-client/lib/request.js:172:14)
29 verbose stack     at Request.self.callback (/usr/share/npm/node_modules/request/request.js:198:22)
29 verbose stack     at emitTwo (events.js:87:13)
29 verbose stack     at Request.emit (events.js:172:7)
29 verbose stack     at Request.<anonymous> (/usr/share/npm/node_modules/request/request.js:1082:10)
29 verbose stack     at emitOne (events.js:82:20)
29 verbose stack     at Request.emit (events.js:169:7)
29 verbose stack     at IncomingMessage.<anonymous> (/usr/share/npm/node_modules/request/request.js:1009:12)
30 verbose cwd /home/krishna_warrior/codes
31 error Linux 4.10.0-35-generic
32 error argv "/usr/bin/nodejs" "/usr/bin/npm" "install" "hydrogen"
33 error node v4.7.2
34 error npm  v3.5.2
35 error Unexpected token <
35 error <!DOCTYPE html PUBLIC "-//W3C//DTD HTML 4.01//EN" "http://www.w3.org/TR/html4/strict.dtd">
35 error <html><head>
35 error <meta type="copyright" content="Copyright (C) 1996-2016 The Squid Software Foundation and contributors">
35 error <meta http-equiv="Content-Type" content="text/html; charset=utf-8">
35 error <title>ERROR: Cache Access Denied</title>
35 error <style type="text/css"><!--
35 error  /*
35 error  * Copyright (C) 1996-2016 The Squid Software Foundation and contributors
35 error  *
35 error  * Squid software is distributed under GPLv2+ license and includes
35 error  * contributions from numerous individuals and organizations.
35 error  * Please see the COPYING and CONTRIBUTORS files for details.
35 error  */
35 error
35 error /*
35 error  Stylesheet for Squid Error pages
35 error  Adapted from design by Free CSS Templates
35 error  http://www.freecsstemplates.org
35 error  Released for free under a Creative Commons Attribution 2.5 License
35 error */
35 error
35 error /* Page basics */
35 error * {
35 error 	font-family: verdana, sans-serif;
35 error }
35 error
35 error html body {
35 error 	margin: 0;
35 error 	padding: 0;
35 error 	background: #efefef;
35 error 	font-size: 12px;
35 error 	color: #1e1e1e;
35 error }
35 error
35 error /* Page displayed title area */
35 error #titles {
35 error 	margin-left: 15px;
35 error 	padding: 10px;
35 error 	padding-left: 100px;
35 error 	background: url('/squid-internal-static/icons/SN.png') no-repeat left;
35 error }
35 error
35 error /* initial title */
35 error #titles h1 {
35 error 	color: #000000;
35 error }
35 error #titles h2 {
35 error 	color: #000000;
35 error }
35 error
35 error /* special event: FTP success page titles */
35 error #titles ftpsuccess {
35 error 	background-color:#00ff00;
35 error 	width:100%;
35 error }
35 error
35 error /* Page displayed body content area */
35 error #content {
35 error 	padding: 10px;
35 error 	background: #ffffff;
35 error }
35 error
35 error /* General text */
35 error p {
35 error }
35 error
35 error /* error brief description */
35 error #error p {
35 error }
35 error
35 error /* some data which may have caused the problem */
35 error #data {
35 error }
35 error
35 error /* the error message received from the system or other software */
35 error #sysmsg {
35 error }
35 error
35 error pre {
35 error     font-family:sans-serif;
35 error }
35 error
35 error /* special event: FTP / Gopher directory listing */
35 error #dirmsg {
35 error     font-family: courier;
35 error     color: black;
35 error     font-size: 10pt;
35 error }
35 error #dirlisting {
35 error     margin-left: 2%;
35 error     margin-right: 2%;
35 error }
35 error #dirlisting tr.entry td.icon,td.filename,td.size,td.date {
35 error     border-bottom: groove;
35 error }
35 error #dirlisting td.size {
35 error     width: 50px;
35 error     text-align: right;
35 error     padding-right: 5px;
35 error }
35 error
35 error /* horizontal lines */
35 error hr {
35 error 	margin: 0;
35 error }
35 error
35 error /* page displayed footer area */
35 error #footer {
35 error 	font-size: 9px;
35 error 	padding-left: 10px;
35 error }
35 error
35 error
35 error body
35 error :lang(fa) { direction: rtl; font-size: 100%; font-family: Tahoma, Roya, sans-serif; float: right; }
35 error :lang(he) { direction: rtl; }
35 error  --></style>
35 error </head><body id=ERR_CACHE_ACCESS_DENIED>
35 error <div id="titles">
35 error <h1>ERROR</h1>
35 error <h2>Cache Access Denied.</h2>
35 error </div>
35 error <hr>
35 error
35 error <div id="content">
35 error <p>The following error was encountered while trying to retrieve the URL: <a href="http://registry.npmjs.org/hydrogen">http://registry.npmjs.org/hydrogen</a></p>
35 error
35 error <blockquote id="error">
35 error <p><b>Cache Access Denied.</b></p>
35 error </blockquote>
35 error
35 error <p>Sorry, you are not currently allowed to request http://registry.npmjs.org/hydrogen from this cache until you have authenticated yourself.</p>
35 error
35 error <p>Please contact the <a href="mailto:MNNIT?subject=CacheErrorInfo%20-%20ERR_CACHE_ACCESS_DENIED&amp;body=CacheHost%3A%20proxy229%0D%0AErrPage%3A%20ERR_CACHE_ACCESS_DENIED%0D%0AErr%3A%20%5Bnone%5D%0D%0ATimeStamp%3A%20Sun,%2024%20Sep%202017%2005%3A35%3A04%20GMT%0D%0A%0D%0AClientIP%3A%20172.31.76.95%0D%0A%0D%0AHTTP%20Request%3A%0D%0AGET%20%2Fhydrogen%20HTTP%2F1.1%0AAccept-Encoding%3A%20gzip%0D%0Aversion%3A%203.5.2%0D%0AAccept%3A%20application%2Fjson%0D%0AReferer%3A%20install%20hydrogen%0D%0Anpm-session%3A%2009c852de900bd82f%0D%0AUser-Agent%3A%20npm%2F3.5.2%20node%2Fv4.7.2%20linux%20x64%0D%0AConnection%3A%20keep-alive%0D%0AHost%3A%20registry.npmjs.org%0D%0A%0D%0A%0D%0A">cache administrator</a> if you have difficulties authenticating yourself.</p>
35 error
35 error <br>
35 error </div>
35 error
35 error <hr>
35 error <div id="footer">
35 error <p>Generated Sun, 24 Sep 2017 05:35:04 GMT by proxy229 (squid/3.5.20)</p>
35 error <!-- ERR_CACHE_ACCESS_DENIED -->
35 error </div>
35 error </body></html>
36 error If you need help, you may report this error at:
36 error     <https://github.com/npm/npm/issues>
37 verbose exit [ 1, true ]
